<?xml version="1.0" encoding="UTF-8"?>
<testng-results ignored="0" total="2" passed="2" failed="0" skipped="0">
  <reporter-output>
    <line>
      <![CDATA[Hello Java]]>
    </line>
    <line>
      <![CDATA[Hello Selenium]]>
    </line>
  </reporter-output>
  <suite started-at="2021-08-05T18:15:21 IST" name="Suite" finished-at="2021-08-05T18:15:22 IST" duration-ms="267">
    <groups>
    </groups>
    <test started-at="2021-08-05T18:15:21 IST" name="Test" finished-at="2021-08-05T18:15:22 IST" duration-ms="267">
      <class name="Scripts.Test0">
        <test-method signature="demo()[pri:0, instance:Scripts.Test0@6497b078]" started-at="2021-08-05T18:15:22 IST" name="demo" finished-at="2021-08-05T18:15:22 IST" duration-ms="53" status="PASS">
          <reporter-output>
            <line>
              <![CDATA[Hello Java]]>
            </line>
          </reporter-output>
        </test-method> <!-- demo -->
      </class> <!-- Scripts.Test0 -->
      <class name="Scripts.Test1">
        <test-method signature="demo()[pri:0, instance:Scripts.Test1@41c2284a]" started-at="2021-08-05T18:15:22 IST" name="demo" finished-at="2021-08-05T18:15:22 IST" duration-ms="19" status="PASS">
          <reporter-output>
            <line>
              <![CDATA[Hello Selenium]]>
            </line>
          </reporter-output>
        </test-method> <!-- demo -->
      </class> <!-- Scripts.Test1 -->
    </test> <!-- Test -->
  </suite> <!-- Suite -->
</testng-results>
