<?xml version="1.0" encoding="UTF-8"?>
<testng-results ignored="0" total="3" passed="3" failed="0" skipped="0">
  <reporter-output>
    <line>
      <![CDATA[Hello Appium]]>
    </line>
    <line>
      <![CDATA[Hello Java]]>
    </line>
    <line>
      <![CDATA[Hello Selenium]]>
    </line>
  </reporter-output>
  <suite started-at="2021-08-05T18:57:29 IST" name="Suite" finished-at="2021-08-05T18:57:29 IST" duration-ms="214">
    <groups>
    </groups>
    <test started-at="2021-08-05T18:57:29 IST" name="Test" finished-at="2021-08-05T18:57:29 IST" duration-ms="214">
      <class name="Scripts.Test0">
        <test-method signature="demo()[pri:0, instance:Scripts.Test0@53aad5d5]" started-at="2021-08-05T18:57:29 IST" name="demo" finished-at="2021-08-05T18:57:29 IST" duration-ms="9" status="PASS">
          <reporter-output>
            <line>
              <![CDATA[Hello Java]]>
            </line>
          </reporter-output>
        </test-method> <!-- demo -->
      </class> <!-- Scripts.Test0 -->
      <class name="Scripts.Test1">
        <test-method signature="demo()[pri:0, instance:Scripts.Test1@46fa7c39]" started-at="2021-08-05T18:57:29 IST" name="demo" finished-at="2021-08-05T18:57:29 IST" duration-ms="6" status="PASS">
          <reporter-output>
            <line>
              <![CDATA[Hello Selenium]]>
            </line>
          </reporter-output>
        </test-method> <!-- demo -->
      </class> <!-- Scripts.Test1 -->
      <class name="Scripts.Test2">
        <test-method signature="demo()[pri:0, instance:Scripts.Test2@41c2284a]" started-at="2021-08-05T18:57:29 IST" name="demo" finished-at="2021-08-05T18:57:29 IST" duration-ms="37" status="PASS">
          <reporter-output>
            <line>
              <![CDATA[Hello Appium]]>
            </line>
          </reporter-output>
        </test-method> <!-- demo -->
      </class> <!-- Scripts.Test2 -->
    </test> <!-- Test -->
  </suite> <!-- Suite -->
</testng-results>
